<?xml version="1.0" encoding="UTF-8"?>
<!-- Generated by org.testng.reporters.JUnitReportReporter -->
<testsuite hostname="Souviks-MacBook-Air.local" failures="0" tests="1" name="Test_Classes.Put_TC1" time="3.177" errors="0" timestamp="2023-06-26T14:22:51 IST" skipped="0">
  <testcase classname="Test_Classes.Put_TC1" name="extractor" time="3.177"/>
  <system-out/>
</testsuite> <!-- Test_Classes.Put_TC1 -->
