<?xml version="1.0" encoding="UTF-8"?>
<!-- Generated by org.testng.reporters.JUnitReportReporter -->
<testsuite hostname="Souviks-MacBook-Air.local" failures="0" tests="1" name="Test_Classes.Post_TC1" time="6.131" errors="0" timestamp="2023-06-26T14:22:51 IST" skipped="0">
  <testcase classname="Test_Classes.Post_TC1" name="extractor" time="6.131"/>
  <system-out/>
</testsuite> <!-- Test_Classes.Post_TC1 -->
